cmudict-en-us.dict
cmudict-fr-fr.dict
cmudict-gr-gr.dict
en-en-animeaux.gram
en-en-ecole.gram
en-en-first.gram
en-en-gastronomie.gram
en-en-maison.gram
en-en-medecine.gram
en-en-pays.gram
en-en-paysage.gram
en-en-social.gram
en-en-sport.gram
en-en-voyage.gram
en-us-ptm/README
en-us-ptm/feat.params
en-us-ptm/mdef
en-us-ptm/means
en-us-ptm/noisedict
en-us-ptm/sendump
en-us-ptm/transition_matrices
en-us-ptm/variances
fr-fr-ptm/README
fr-fr-ptm/feat.params
fr-fr-ptm/mdef
fr-fr-ptm/means
fr-fr-ptm/mixture_weights
fr-fr-ptm/noisedict
fr-fr-ptm/sendump
fr-fr-ptm/transition_matrices
fr-fr-ptm/variances
gr-gr-first.gram
gr-gr-ptm/feat.params
gr-gr-ptm/mdef
gr-gr-ptm/means
gr-gr-ptm/mixture_weights
gr-gr-ptm/noisedict
gr-gr-ptm/sendump
gr-gr-ptm/transition_matrices
gr-gr-ptm/variances
mot.gram